<?xml version="1.0" encoding="UTF-8"?>
<testng-results ignored="0" total="2" passed="2" failed="0" skipped="0">
  <reporter-output>
  </reporter-output>
  <suite started-at="2022-09-20T08:14:31 IST" name="Surefire suite" finished-at="2022-09-20T08:14:58 IST" duration-ms="26807">
    <groups>
    </groups>
    <test started-at="2022-09-20T08:14:31 IST" name="Surefire test" finished-at="2022-09-20T08:14:58 IST" duration-ms="26807">
      <class name="com.qagenic.CheckBoxTest">
        <test-method is-config="true" signature="test_setup()[pri:0, instance:com.qagenic.CheckBoxTest@184cf7cf]" started-at="2022-09-20T08:14:31 IST" name="test_setup" finished-at="2022-09-20T08:14:38 IST" duration-ms="6843" status="PASS">
          <reporter-output>
          </reporter-output>
        </test-method> <!-- test_setup -->
        <test-method signature="launch_checkurl()[pri:0, instance:com.qagenic.CheckBoxTest@184cf7cf]" started-at="2022-09-20T08:14:38 IST" name="launch_checkurl" finished-at="2022-09-20T08:14:43 IST" duration-ms="5394" status="PASS">
          <reporter-output>
          </reporter-output>
        </test-method> <!-- launch_checkurl -->
        <test-method is-config="true" signature="test_teardown()[pri:0, instance:com.qagenic.CheckBoxTest@184cf7cf]" started-at="2022-09-20T08:14:43 IST" name="test_teardown" finished-at="2022-09-20T08:14:44 IST" duration-ms="721" status="PASS">
          <reporter-output>
          </reporter-output>
        </test-method> <!-- test_teardown -->
      </class> <!-- com.qagenic.CheckBoxTest -->
      <class name="com.qagenic.FacebookLoginTest">
        <test-method is-config="true" signature="start_browser_session()[pri:0, instance:com.qagenic.FacebookLoginTest@358ee631]" started-at="2022-09-20T08:14:44 IST" name="start_browser_session" finished-at="2022-09-20T08:14:47 IST" duration-ms="2654" status="PASS">
          <reporter-output>
          </reporter-output>
        </test-method> <!-- start_browser_session -->
        <test-method signature="facebook_login_test()[pri:0, instance:com.qagenic.FacebookLoginTest@358ee631]" started-at="2022-09-20T08:14:47 IST" name="facebook_login_test" finished-at="2022-09-20T08:14:58 IST" duration-ms="11069" status="PASS">
          <reporter-output>
          </reporter-output>
        </test-method> <!-- facebook_login_test -->
      </class> <!-- com.qagenic.FacebookLoginTest -->
    </test> <!-- Surefire test -->
  </suite> <!-- Surefire suite -->
</testng-results>
